City - Ḩeşār-e Sefīd. Day length - 13.314166666666667.
City - Ayn Halaqim. Day length - 13.34361111111111.
City - Taglag. Day length - 13.515555555555556.
City - Qabāghlū. Day length - 13.401111111111112.
City - Ariqah. Day length - 13.249722222222223.
City - Kalāteh-ye Dowlat. Day length - 13.399722222222222.
City - Behjatābād. Day length - 13.425277777777778.
City - Ţālesh Maḩalleh. Day length - 13.435833333333333.
City - Shahrīār Kandeh. Day length - 13.422777777777778.
City - Bālā Aḩmad Kolā. Day length - 13.42388888888889.
City - As Sawarah as Sughra. Day length - 13.255833333333333.
City - Āqdūz. Day length - 13.555.
City - Azadshahr. Day length - 13.335555555555555.
City - Gollar. Day length - 13.460833333333333.
City - Dīgāleh. Day length - 13.469444444444445.
City - Qarālar-e Mīrzā Ḩoseynqolī. Day length - 13.475555555555555.
City - Protaras. Day length - 13.346944444444444.
City - Kahriz. Day length - 13.31638888888889.
City - Nurabad. Day length - 13.302222222222222.
City - Rokan Sarā. Day length - 13.4575.
City - Zīrjān. Day length - 13.3075.
City - Dahasuways. Day length - 12.600555555555555.
City - Ash Shihr. Day length - 12.569166666666666.
City - Al Ghaylah. Day length - 12.564166666666667.
City - Judaydah. Day length - 12.579722222222221.
City - Dawran. Day length - 12.537222222222223.
City - Najd al Jumai. Day length - 12.542222222222222.
City - Zalmat al Alya. Day length - 12.547777777777778.
City - Suq ar Rabu. Day length - 12.561111111111112.
City - Ash Shuqayrah. Day length - 12.516666666666667.
City - Mashraah. Day length - 12.529444444444444.
City - Ar Rawnah. Day length - 12.536944444444444.
City - Ar Ramadi. Day length - 12.543611111111112.
City - Al Ahad. Day length - 12.553333333333333.
City - Ad Dil. Day length - 12.566666666666666.
City - Al Jabin. Day length - 12.5675.
City - Badrābād-e `Olyā. Day length - 13.273055555555555.
City - Istgah-e Garmsar. Day length - 13.355833333333333.
City - Qarchak. Day length - 13.365555555555556.
City - Suq Sirwah. Day length - 12.591944444444444.
City - Majzar. Day length - 12.605.
City - Bidbadah. Day length - 12.591388888888888.
City - Matwah. Day length - 12.579444444444444.
City - Suwayr. Day length - 12.616111111111111.
City - Wadarah. Day length - 12.600555555555555.
City - Suq Shamar. Day length - 12.606111111111112.
City - Mustaba. Day length - 12.617777777777778.
City - An Nazir. Day length - 12.640277777777778.
City - Dayr al Ḩisī. Day length - 12.611944444444445.
City - Tabrīz Jānī. Day length - 13.499166666666667.
City - Andīmeshk. Day length - 13.2325.
City - Ravīndūzaq. Day length - 13.514722222222222.
City - Māmā’ī. Day length - 13.435555555555556.
City - Reẕāābād. Day length - 13.465833333333334.
City - Khorram Darreh. Day length - 13.402777777777779.
City - Kūchaklī. Day length - 13.367222222222223.
City - Koshtārgāh. Day length - 13.147222222222222.
City - Jozf-e Soflá. Day length - 13.14.
City - Republic of Rwanda. Day length - 12.053611111111111.
City - Yeed. Day length - 12.250277777777777.
City - Xuddur. Day length - 12.237222222222222.
City - Xarardheere. Day length - 12.253055555555555.
City - Gobolka Woqooyi Galbeed. Day length - 12.4175.
City - Wanlaweyn. Day length - 12.192222222222222.
City - Waajid. Day length - 12.228055555555555.
City - Gobolka Togdheer. Day length - 12.396666666666667.
City - Tayeeglow. Day length - 12.234166666666667.
City - Somalia. Day length - 12.294166666666667.
City - Gobolka Shabeellaha Hoose. Day length - 12.168333333333333.
City - Gobolka Shabeellaha Dhexe. Day length - 12.203333333333333.
City - Gobolka Sanaag. Day length - 12.433055555555555.
City - Saacow. Day length - 12.162222222222223.
City - Qoryooley. Day length - 12.166944444444445.
City - Qandala. Day length - 12.463888888888889.
City - Qaloocan. Day length - 12.403055555555556.
City - Oodweyne. Day length - 12.399166666666666.
City - Gobolka Nugaal. Day length - 12.360555555555555.
City - Mogadishu. Day length - 12.174444444444445.
City - Gobolka Mudug. Day length - 12.324722222222222.
City - Marka. Day length - 12.165.
City - Mahaddayweyne. Day length - 12.2025.
City - Luuq. Day length - 12.227222222222222.
City - Lughaye. Day length - 12.439444444444444.
City - Laasqoray. Day length - 12.453888888888889.
City - Kismaayo. Day length - 12.1025.
City - Gobolka Jubbada Hoose. Day length - 12.113611111111112.
City - Gobolka Jubbada Dhexe. Day length - 12.153333333333334.
City - Jilib. Day length - 12.128333333333334.
City - Jawhar. Day length - 12.196944444444444.
City - Jamaame. Day length - 12.115555555555556.
City - Jalalaqsi. Day length - 12.215.
City - Iskushuban. Day length - 12.426388888888889.
City - Hobyo. Day length - 12.274444444444445.
City - Gobolka Hiiraan. Day length - 12.233611111111111.
City - Hargeysa. Day length - 12.403888888888888.
City - Gobolka Gedo. Day length - 12.203611111111112.
City - Garoowe. Day length - 12.368055555555555.
City - Garbahaarrey. Day length - 12.213333333333333.
City - Gobolka Galguduud. Day length - 12.26388888888889.
City - Gaalkacyo. Day length - 12.317777777777778.
City - Eyl. Day length - 12.355.
City - El Dubat. Day length - 12.4025.
City - El Ad. Day length - 12.457777777777778.
City - Dujuuma. Day length - 12.150833333333333.
City - Doon. Day length - 12.456666666666667.
City - Dusa Marreb. Day length - 12.280277777777778.
City - Dalooldho. Day length - 12.404722222222222.
City - Cheli Gu. Day length - 12.24638888888889.
City - Ceerigaabo. Day length - 12.436944444444444.
City - Ceeldheer. Day length - 12.229166666666666.
City - Ceelbuur. Day length - 12.254166666666666.
City - Ceek. Day length - 12.386388888888888.
City - Caluula. Day length - 12.479444444444445.
City - Cadale. Day length - 12.196111111111112.
City - Buurhakaba. Day length - 12.1975.
City - Buur Gaabo. Day length - 12.077222222222222.
City - Buulobarde. Day length - 12.22888888888889.
City - Burco. Day length - 12.4025.
City - Buaale. Day length - 12.145833333333334.
City - Boosaaso. Day length - 12.4575.
City - Bereeda. Day length - 12.47638888888889.
City - Berbera. Day length - 12.43138888888889.
City - Beledweyne. Day length - 12.255833333333333.
City - Behelidle. Day length - 12.183055555555555.
City - Baydhabo. Day length - 12.206944444444444.
City - Gobolka Bay. Day length - 12.203611111111112.
City - Gobolka Bari. Day length - 12.4175.
City - Bargaal. Day length - 12.458055555555555.
City - Bandarbeyla. Day length - 12.401388888888889.
City - Gobolka Banaadir. Day length - 12.176944444444445.
City - Baardheere. Day length - 12.18361111111111.
City - Afgooye. Day length - 12.177777777777777.
City - Cadayo. Day length - 12.245555555555555.
City - Yasuj. Day length - 13.152222222222223.
City - Shāhrūd. Day length - 13.4125.
City - ‘Abbāsābād-e Qūsheh. Day length - 13.246944444444445.
City - At Tawilah. Day length - 12.593333333333334.
City - Zinjibar. Day length - 12.516388888888889.
City - Zarajah. Day length - 12.573055555555555.
City - Az Zahir. Day length - 12.543611111111112.
City - Zabīd. Day length - 12.553888888888888.
City - Zabid. Day length - 12.551111111111112.
City - Yufrus. Day length - 12.527222222222223.
City - Republic of Yemen. Day length - 12.59361111111111.
City - Yarīm. Day length - 12.552777777777777.
City - Yarim. Day length - 12.554166666666667.
City - Washhah. Day length - 12.620555555555555.
City - Walan. Day length - 12.579722222222221.
City - Dhi Jalal. Day length - 12.5325.
City - Usaylan. Day length - 12.578055555555556.
City - Ubal. Day length - 12.576944444444445.
City - Thamud. Day length - 12.653333333333334.
City - Tarim. Day length - 12.611944444444445.
City - At Ta‘izzīyah. Day length - 12.534722222222221.
City - Muḩāfaz̧at Ta‘izz. Day length - 12.528611111111111.
City - Ta‘izz. Day length - 12.570277777777777.
City - Taizz. Day length - 12.53111111111111.
City - As Suwayda. Day length - 12.538055555555555.
City - Al Anan. Day length - 12.634166666666667.
City - Abs. Day length - 12.610277777777778.
City - Sif. Day length - 12.587222222222222.
City - Shuḩayr. Day length - 12.566666666666666.
City - Shihan as Sufla. Day length - 12.668888888888889.
City - Shibam. Day length - 12.59388888888889.
City - Ash Sharyah. Day length - 12.55638888888889.
City - Sharas. Day length - 12.600555555555555.
City - Shaharat al Ghis. Day length - 12.616111111111111.
City - Muḩāfaz̧at Shabwah. Day length - 12.577222222222222.
City - Sayyan. Day length - 12.582777777777778.
City - Sayhut. Day length - 12.58388888888889.
City - Sanhan. Day length - 12.584722222222222.
City - Sanaa. Day length - 12.585555555555555.
City - Sana. Day length - 12.59.
City - Sanaa. Day length - 12.588611111111112.
City - Sahar. Day length - 12.587777777777777.
City - Sah. Day length - 12.596111111111112.
City - Muḩāfaz̧at Şa‘dah. Day length - 12.645277777777778.
City - Sadah. Day length - 12.641388888888889.
City - Rihab. Day length - 12.552222222222222.
City - Rada. Day length - 12.558333333333334.
City - Muḩāfaz̧at Raymah. Day length - 12.565.
City - Ar Raydah. Day length - 12.578333333333333.
City - Raydah. Day length - 12.60388888888889.
City - Rakkat al ‘Askarī. Day length - 12.615277777777777.
City - Rudum. Day length - 12.5475.
City - Qulansiyah. Day length - 12.501944444444444.
City - Qishn. Day length - 12.590833333333334.
City - Qatabah. Day length - 12.539722222222222.
City - Nisab. Day length - 12.561388888888889.
City - Al Musaymir. Day length - 12.526666666666667.
City - Mukayras. Day length - 12.542777777777777.
City - Mudiyah. Day length - 12.5425.
City - Markaz Mudhaykirah. Day length - 12.54111111111111.
City - Morī. Day length - 12.500555555555556.
City - Manwakh. Day length - 12.636944444444444.
City - Mayfaah. Day length - 12.553333333333333.
City - Maidi. Day length - 12.620833333333334.
City - Mawza. Day length - 12.52111111111111.
City - Mawiyah. Day length - 12.53111111111111.
City - Al Jawl. Day length - 12.559444444444445.
