City - Ḩeşār-e Sefīd. Humidity - 87. Pressure - 1013.
City - Ayn Halaqim. Humidity - 82. Pressure - 1010.
City - Behjatābād. Humidity - 100. Pressure - 1018.
City - Ţālesh Maḩalleh. Humidity - 100. Pressure - 1017.
City - Shahrīār Kandeh. Humidity - 100. Pressure - 1017.
City - Bālā Aḩmad Kolā. Humidity - 100. Pressure - 1017.
City - Kahriz. Humidity - 87. Pressure - 1013.
City - Rokan Sarā. Humidity - 84. Pressure - 1015.
City - Māmā’ī. Humidity - 100. Pressure - 1017.
City - Reẕāābād. Humidity - 87. Pressure - 1016.
City - Kūchaklī. Humidity - 87. Pressure - 1014.
City - Republic of Rwanda. Humidity - 88. Pressure - 1020.
City - Gobolka Shabeellaha Hoose. Humidity - 76. Pressure - 1011.
City - Gobolka Shabeellaha Dhexe. Humidity - 76. Pressure - 1011.
City - Mogadishu. Humidity - 76. Pressure - 1011.
City - Kismaayo. Humidity - 76. Pressure - 1011.
City - Eyl. Humidity - 76. Pressure - 1011.
City - Doon. Humidity - 79. Pressure - 1015.
City - Caluula. Humidity - 77. Pressure - 1011.
City - Buurhakaba. Humidity - 83. Pressure - 1011.
City - Buur Gaabo. Humidity - 80. Pressure - 1011.
City - Berbera. Humidity - 76. Pressure - 1011.
City - Baydhabo. Humidity - 79. Pressure - 1011.
City - Gobolka Bay. Humidity - 80. Pressure - 1011.
City - Gobolka Banaadir. Humidity - 76. Pressure - 1011.
