City - Dahasuways. Temperature - 29.21.
City - Ash Shihr. Temperature - 28.8.
City - Judaydah. Temperature - 27.81.
City - Ash Shuqayrah. Temperature - 26.57.
City - Suq Sirwah. Temperature - 26.73.
City - Majzar. Temperature - 27.43.
City - Wadarah. Temperature - 25.17.
City - Mustaba. Temperature - 30.38.
City - Dayr al Ḩisī. Temperature - 30.63.
City - Andīmeshk. Temperature - 27.71.
City - Koshtārgāh. Temperature - 26.
City - Jozf-e Soflá. Temperature - 26.
City - Yeed. Temperature - 28.93.
City - Xuddur. Temperature - 25.37.
City - Xarardheere. Temperature - 27.87.
City - Wanlaweyn. Temperature - 27.92.
City - Waajid. Temperature - 26.1.
City - Gobolka Togdheer. Temperature - 25.54.
City - Tayeeglow. Temperature - 27.67.
City - Somalia. Temperature - 29.32.
City - Gobolka Shabeellaha Hoose. Temperature - 27.54.
City - Gobolka Shabeellaha Dhexe. Temperature - 26.33.
City - Saacow. Temperature - 29.35.
City - Qoryooley. Temperature - 27.87.
City - Qandala. Temperature - 28.82.
City - Oodweyne. Temperature - 25.49.
City - Gobolka Nugaal. Temperature - 25.77.
City - Mogadishu. Temperature - 28.69.
City - Gobolka Mudug. Temperature - 28.47.
City - Marka. Temperature - 28.34.
City - Mahaddayweyne. Temperature - 28.1.
City - Luuq. Temperature - 29.11.
City - Lughaye. Temperature - 29.09.
City - Laasqoray. Temperature - 29.48.
City - Kismaayo. Temperature - 28.16.
City - Gobolka Jubbada Hoose. Temperature - 26.86.
City - Gobolka Jubbada Dhexe. Temperature - 28.
City - Jilib. Temperature - 27.26.
City - Jawhar. Temperature - 27.8.
City - Jamaame. Temperature - 28.08.
City - Jalalaqsi. Temperature - 28.35.
City - Iskushuban. Temperature - 27.51.
City - Hobyo. Temperature - 29.81.
City - Gobolka Hiiraan. Temperature - 28.95.
City - Gobolka Gedo. Temperature - 26.57.
City - Garoowe. Temperature - 27.69.
City - Garbahaarrey. Temperature - 27.54.
City - Gobolka Galguduud. Temperature - 28.92.
City - Gaalkacyo. Temperature - 29.04.
City - Eyl. Temperature - 29.04.
City - El Dubat. Temperature - 25.67.
City - El Ad. Temperature - 28.73.
City - Dujuuma. Temperature - 27.97.
City - Doon. Temperature - 29.
City - Dusa Marreb. Temperature - 29.93.
City - Cheli Gu. Temperature - 31.22.
City - Ceeldheer. Temperature - 28.99.
City - Ceelbuur. Temperature - 28.99.
City - Ceek. Temperature - 27.93.
City - Caluula. Temperature - 28.58.
City - Cadale. Temperature - 29.08.
City - Buur Gaabo. Temperature - 27.14.
City - Buulobarde. Temperature - 28.74.
City - Burco. Temperature - 25.39.
City - Buaale. Temperature - 27.24.
City - Boosaaso. Temperature - 28.72.
City - Bereeda. Temperature - 28.4.
City - Berbera. Temperature - 29.14.
City - Beledweyne. Temperature - 31.36.
City - Behelidle. Temperature - 29.15.
City - Gobolka Bari. Temperature - 25.49.
City - Bargaal. Temperature - 28.59.
City - Bandarbeyla. Temperature - 28.52.
City - Gobolka Banaadir. Temperature - 28.34.
City - Baardheere. Temperature - 29.33.
City - Afgooye. Temperature - 27.96.
City - Cadayo. Temperature - 28.19.
City - Zinjibar. Temperature - 29.01.
City - Zabīd. Temperature - 30.91.
City - Zabid. Temperature - 30.72.
City - Usaylan. Temperature - 29.44.
City - Ubal. Temperature - 29.56.
City - Thamud. Temperature - 30.72.
City - Tarim. Temperature - 29.45.
City - Abs. Temperature - 30.43.
City - Sif. Temperature - 26.72.
City - Shuḩayr. Temperature - 28.71.
City - Shihan as Sufla. Temperature - 29.83.
City - Sayhut. Temperature - 29.14.
City - Sana. Temperature - 27.35.
City - Sah. Temperature - 27.04.
City - Ar Raydah. Temperature - 28.9.
City - Rakkat al ‘Askarī. Temperature - 26.88.
City - Rudum. Temperature - 28.02.
City - Qulansiyah. Temperature - 28.7.
City - Qishn. Temperature - 29.16.
City - Nisab. Temperature - 26.53.
City - Al Musaymir. Temperature - 26.42.
City - Morī. Temperature - 28.27.
City - Manwakh. Temperature - 32.82.
City - Mayfaah. Temperature - 26.68.
City - Maidi. Temperature - 31.
City - Mawza. Temperature - 30.75.
City - Al Jawl. Temperature - 28.62.
