City - Ḩeşār-e Sefīd. Clouds - 94, date - 2020-04-24T21:00:00+03:00
City - Ḩeşār-e Sefīd. Clouds - 96, date - 2020-04-25T00:00:00+03:00
City - Ḩeşār-e Sefīd. Clouds - 94, date - 2020-04-25T09:00:00+03:00
City - Ḩeşār-e Sefīd. Clouds - 100, date - 2020-04-25T21:00:00+03:00
City - Ḩeşār-e Sefīd. Clouds - 100, date - 2020-04-26T00:00:00+03:00
City - Ḩeşār-e Sefīd. Clouds - 100, date - 2020-04-26T03:00:00+03:00
City - Ḩeşār-e Sefīd. Clouds - 100, date - 2020-04-26T06:00:00+03:00
City - Ḩeşār-e Sefīd. Clouds - 95, date - 2020-04-27T15:00:00+03:00
City - Ḩeşār-e Sefīd. Clouds - 97, date - 2020-04-27T18:00:00+03:00
City - Ḩeşār-e Sefīd. Clouds - 93, date - 2020-04-28T09:00:00+03:00
City - Ḩeşār-e Sefīd. Clouds - 97, date - 2020-04-28T12:00:00+03:00
City - Ḩeşār-e Sefīd. Clouds - 99, date - 2020-04-28T15:00:00+03:00
City - Ḩeşār-e Sefīd. Clouds - 92, date - 2020-04-28T18:00:00+03:00
City - ‘Ayn Ḩalāqīm. Clouds - 93, date - 2020-04-24T12:00:00+03:00
City - ‘Ayn Ḩalāqīm. Clouds - 93, date - 2020-04-25T18:00:00+03:00
City - ‘Ayn Ḩalāqīm. Clouds - 95, date - 2020-04-25T21:00:00+03:00
City - ‘Ayn Ḩalāqīm. Clouds - 92, date - 2020-04-26T00:00:00+03:00
City - ‘Ayn Ḩalāqīm. Clouds - 92, date - 2020-04-27T06:00:00+03:00
City - Taglag. Clouds - 100, date - 2020-04-23T21:00:00+03:00
City - Taglag. Clouds - 91, date - 2020-04-24T00:00:00+03:00
City - Taglag. Clouds - 96, date - 2020-04-24T03:00:00+03:00
City - Taglag. Clouds - 95, date - 2020-04-24T06:00:00+03:00
City - Taglag. Clouds - 91, date - 2020-04-24T18:00:00+03:00
City - Taglag. Clouds - 100, date - 2020-04-24T21:00:00+03:00
City - Taglag. Clouds - 100, date - 2020-04-25T00:00:00+03:00
City - Taglag. Clouds - 100, date - 2020-04-25T03:00:00+03:00
City - Taglag. Clouds - 100, date - 2020-04-25T06:00:00+03:00
City - Taglag. Clouds - 100, date - 2020-04-25T09:00:00+03:00
City - Taglag. Clouds - 96, date - 2020-04-25T12:00:00+03:00
City - Taglag. Clouds - 100, date - 2020-04-25T15:00:00+03:00
City - Taglag. Clouds - 100, date - 2020-04-25T18:00:00+03:00
City - Taglag. Clouds - 96, date - 2020-04-26T15:00:00+03:00
City - Taglag. Clouds - 100, date - 2020-04-27T15:00:00+03:00
City - Taglag. Clouds - 100, date - 2020-04-27T18:00:00+03:00
City - Taglag. Clouds - 99, date - 2020-04-27T21:00:00+03:00
City - Taglag. Clouds - 98, date - 2020-04-28T00:00:00+03:00
City - Taglag. Clouds - 99, date - 2020-04-28T03:00:00+03:00
City - Taglag. Clouds - 99, date - 2020-04-28T06:00:00+03:00
City - Taglag. Clouds - 91, date - 2020-04-28T09:00:00+03:00
City - Taglag. Clouds - 95, date - 2020-04-28T12:00:00+03:00
City - Taglag. Clouds - 95, date - 2020-04-28T15:00:00+03:00
City - Qabāghlū. Clouds - 91, date - 2020-04-23T21:00:00+03:00
City - Qabāghlū. Clouds - 94, date - 2020-04-24T21:00:00+03:00
City - Qabāghlū. Clouds - 100, date - 2020-04-25T03:00:00+03:00
City - Qabāghlū. Clouds - 100, date - 2020-04-27T09:00:00+03:00
City - Qabāghlū. Clouds - 100, date - 2020-04-27T12:00:00+03:00
City - Qabāghlū. Clouds - 99, date - 2020-04-27T15:00:00+03:00
City - Qabāghlū. Clouds - 99, date - 2020-04-27T18:00:00+03:00
City - Qabāghlū. Clouds - 99, date - 2020-04-27T21:00:00+03:00
City - Qabāghlū. Clouds - 96, date - 2020-04-28T09:00:00+03:00
City - Qabāghlū. Clouds - 96, date - 2020-04-28T12:00:00+03:00
City - Qabāghlū. Clouds - 100, date - 2020-04-28T15:00:00+03:00
City - Qabāghlū. Clouds - 91, date - 2020-04-28T18:00:00+03:00
City - ‘Arīqah. Clouds - 96, date - 2020-04-23T21:00:00+03:00
City - ‘Arīqah. Clouds - 100, date - 2020-04-24T09:00:00+03:00
City - ‘Arīqah. Clouds - 91, date - 2020-04-24T12:00:00+03:00
City - ‘Arīqah. Clouds - 96, date - 2020-04-26T21:00:00+03:00
City - ‘Arīqah. Clouds - 98, date - 2020-04-27T00:00:00+03:00
City - Kalāteh-ye Dowlat. Clouds - 100, date - 2020-04-24T21:00:00+03:00
City - Kalāteh-ye Dowlat. Clouds - 98, date - 2020-04-26T15:00:00+03:00
City - Kalāteh-ye Dowlat. Clouds - 99, date - 2020-04-26T18:00:00+03:00
City - Kalāteh-ye Dowlat. Clouds - 100, date - 2020-04-26T21:00:00+03:00
City - Kalāteh-ye Dowlat. Clouds - 100, date - 2020-04-27T00:00:00+03:00
City - Kalāteh-ye Dowlat. Clouds - 100, date - 2020-04-27T03:00:00+03:00
City - Kalāteh-ye Dowlat. Clouds - 100, date - 2020-04-27T06:00:00+03:00
City - Kalāteh-ye Dowlat. Clouds - 100, date - 2020-04-27T09:00:00+03:00
City - Kalāteh-ye Dowlat. Clouds - 99, date - 2020-04-27T12:00:00+03:00
City - Behjatābād. Clouds - 96, date - 2020-04-23T21:00:00+03:00
City - Behjatābād. Clouds - 97, date - 2020-04-24T00:00:00+03:00
City - Behjatābād. Clouds - 100, date - 2020-04-24T03:00:00+03:00
City - Behjatābād. Clouds - 100, date - 2020-04-24T06:00:00+03:00
City - Behjatābād. Clouds - 97, date - 2020-04-24T09:00:00+03:00
City - Behjatābād. Clouds - 94, date - 2020-04-24T12:00:00+03:00
City - Behjatābād. Clouds - 100, date - 2020-04-24T15:00:00+03:00
City - Behjatābād. Clouds - 99, date - 2020-04-24T18:00:00+03:00
City - Behjatābād. Clouds - 93, date - 2020-04-24T21:00:00+03:00
City - Behjatābād. Clouds - 94, date - 2020-04-25T00:00:00+03:00
City - Behjatābād. Clouds - 95, date - 2020-04-25T15:00:00+03:00
City - Behjatābād. Clouds - 97, date - 2020-04-25T18:00:00+03:00
City - Behjatābād. Clouds - 99, date - 2020-04-26T09:00:00+03:00
City - Behjatābād. Clouds - 99, date - 2020-04-26T12:00:00+03:00
City - Behjatābād. Clouds - 100, date - 2020-04-26T15:00:00+03:00
City - Behjatābād. Clouds - 100, date - 2020-04-26T18:00:00+03:00
City - Behjatābād. Clouds - 93, date - 2020-04-26T21:00:00+03:00
City - Behjatābād. Clouds - 95, date - 2020-04-27T00:00:00+03:00
City - Behjatābād. Clouds - 99, date - 2020-04-27T03:00:00+03:00
City - Behjatābād. Clouds - 100, date - 2020-04-27T21:00:00+03:00
City - Behjatābād. Clouds - 100, date - 2020-04-28T00:00:00+03:00
City - Ţālesh Maḩalleh. Clouds - 95, date - 2020-04-23T21:00:00+03:00
City - Ţālesh Maḩalleh. Clouds - 98, date - 2020-04-24T00:00:00+03:00
City - Ţālesh Maḩalleh. Clouds - 99, date - 2020-04-24T03:00:00+03:00
City - Ţālesh Maḩalleh. Clouds - 99, date - 2020-04-24T06:00:00+03:00
City - Ţālesh Maḩalleh. Clouds - 99, date - 2020-04-24T09:00:00+03:00
City - Ţālesh Maḩalleh. Clouds - 98, date - 2020-04-24T12:00:00+03:00
City - Ţālesh Maḩalleh. Clouds - 95, date - 2020-04-24T15:00:00+03:00
City - Ţālesh Maḩalleh. Clouds - 96, date - 2020-04-24T18:00:00+03:00
City - Ţālesh Maḩalleh. Clouds - 97, date - 2020-04-26T03:00:00+03:00
City - Ţālesh Maḩalleh. Clouds - 99, date - 2020-04-26T06:00:00+03:00
City - Ţālesh Maḩalleh. Clouds - 100, date - 2020-04-26T09:00:00+03:00
City - Ţālesh Maḩalleh. Clouds - 93, date - 2020-04-26T12:00:00+03:00
City - Ţālesh Maḩalleh. Clouds - 100, date - 2020-04-26T15:00:00+03:00
City - Ţālesh Maḩalleh. Clouds - 100, date - 2020-04-26T18:00:00+03:00
City - Ţālesh Maḩalleh. Clouds - 95, date - 2020-04-26T21:00:00+03:00
City - Ţālesh Maḩalleh. Clouds - 93, date - 2020-04-27T18:00:00+03:00
City - Ţālesh Maḩalleh. Clouds - 100, date - 2020-04-27T21:00:00+03:00
City - Ţālesh Maḩalleh. Clouds - 100, date - 2020-04-28T00:00:00+03:00
City - Ţālesh Maḩalleh. Clouds - 100, date - 2020-04-28T03:00:00+03:00
City - Shahrīār Kandeh. Clouds - 102, date - 2020-04-23T21:00:00+03:00
City - Shahrīār Kandeh. Clouds - 101, date - 2020-04-24T00:00:00+03:00
City - Shahrīār Kandeh. Clouds - 92, date - 2020-04-24T03:00:00+03:00
City - Shahrīār Kandeh. Clouds - 96, date - 2020-04-24T06:00:00+03:00
City - Shahrīār Kandeh. Clouds - 100, date - 2020-04-24T09:00:00+03:00
City - Shahrīār Kandeh. Clouds - 98, date - 2020-04-24T12:00:00+03:00
City - Shahrīār Kandeh. Clouds - 98, date - 2020-04-24T15:00:00+03:00
City - Shahrīār Kandeh. Clouds - 96, date - 2020-04-24T18:00:00+03:00
City - Shahrīār Kandeh. Clouds - 97, date - 2020-04-25T09:00:00+03:00
City - Shahrīār Kandeh. Clouds - 100, date - 2020-04-25T21:00:00+03:00
City - Shahrīār Kandeh. Clouds - 100, date - 2020-04-26T00:00:00+03:00
City - Shahrīār Kandeh. Clouds - 98, date - 2020-04-26T03:00:00+03:00
City - Shahrīār Kandeh. Clouds - 99, date - 2020-04-26T06:00:00+03:00
City - Shahrīār Kandeh. Clouds - 100, date - 2020-04-26T09:00:00+03:00
City - Shahrīār Kandeh. Clouds - 100, date - 2020-04-26T12:00:00+03:00
City - Shahrīār Kandeh. Clouds - 100, date - 2020-04-26T15:00:00+03:00
City - Shahrīār Kandeh. Clouds - 100, date - 2020-04-26T18:00:00+03:00
City - Shahrīār Kandeh. Clouds - 100, date - 2020-04-26T21:00:00+03:00
City - Shahrīār Kandeh. Clouds - 100, date - 2020-04-27T00:00:00+03:00
City - Shahrīār Kandeh. Clouds - 100, date - 2020-04-27T03:00:00+03:00
City - Shahrīār Kandeh. Clouds - 100, date - 2020-04-27T06:00:00+03:00
City - Shahrīār Kandeh. Clouds - 96, date - 2020-04-27T21:00:00+03:00
City - Shahrīār Kandeh. Clouds - 98, date - 2020-04-28T00:00:00+03:00
City - Bālā Aḩmad Kolā. Clouds - 101, date - 2020-04-23T21:00:00+03:00
City - Bālā Aḩmad Kolā. Clouds - 100, date - 2020-04-24T00:00:00+03:00
City - Bālā Aḩmad Kolā. Clouds - 100, date - 2020-04-24T03:00:00+03:00
City - Bālā Aḩmad Kolā. Clouds - 100, date - 2020-04-24T06:00:00+03:00
City - Bālā Aḩmad Kolā. Clouds - 100, date - 2020-04-24T09:00:00+03:00
City - Bālā Aḩmad Kolā. Clouds - 98, date - 2020-04-24T12:00:00+03:00
City - Bālā Aḩmad Kolā. Clouds - 92, date - 2020-04-24T15:00:00+03:00
City - Bālā Aḩmad Kolā. Clouds - 95, date - 2020-04-24T18:00:00+03:00
City - Bālā Aḩmad Kolā. Clouds - 92, date - 2020-04-25T18:00:00+03:00
City - Bālā Aḩmad Kolā. Clouds - 100, date - 2020-04-25T21:00:00+03:00
City - Bālā Aḩmad Kolā. Clouds - 93, date - 2020-04-26T00:00:00+03:00
City - Bālā Aḩmad Kolā. Clouds - 100, date - 2020-04-26T09:00:00+03:00
City - Bālā Aḩmad Kolā. Clouds - 100, date - 2020-04-26T12:00:00+03:00
City - Bālā Aḩmad Kolā. Clouds - 100, date - 2020-04-26T15:00:00+03:00
City - Bālā Aḩmad Kolā. Clouds - 100, date - 2020-04-26T18:00:00+03:00
City - Bālā Aḩmad Kolā. Clouds - 100, date - 2020-04-26T21:00:00+03:00
City - Bālā Aḩmad Kolā. Clouds - 100, date - 2020-04-27T00:00:00+03:00
City - Bālā Aḩmad Kolā. Clouds - 100, date - 2020-04-27T03:00:00+03:00
City - Bālā Aḩmad Kolā. Clouds - 95, date - 2020-04-27T06:00:00+03:00
City - Bālā Aḩmad Kolā. Clouds - 98, date - 2020-04-27T21:00:00+03:00
City - Bālā Aḩmad Kolā. Clouds - 99, date - 2020-04-28T00:00:00+03:00
City - Bālā Aḩmad Kolā. Clouds - 98, date - 2020-04-28T03:00:00+03:00
City - Bālā Aḩmad Kolā. Clouds - 97, date - 2020-04-28T06:00:00+03:00
City - Aş Şūrah aş Şaghīrah. Clouds - 99, date - 2020-04-24T09:00:00+03:00
City - Aş Şūrah aş Şaghīrah. Clouds - 93, date - 2020-04-24T12:00:00+03:00
City - Aş Şūrah aş Şaghīrah. Clouds - 98, date - 2020-04-24T15:00:00+03:00
City - Aş Şūrah aş Şaghīrah. Clouds - 94, date - 2020-04-26T21:00:00+03:00
City - Aş Şūrah aş Şaghīrah. Clouds - 97, date - 2020-04-27T00:00:00+03:00
City - Āqdūz. Clouds - 100, date - 2020-04-23T21:00:00+03:00
City - Āqdūz. Clouds - 100, date - 2020-04-24T00:00:00+03:00
City - Āqdūz. Clouds - 100, date - 2020-04-24T03:00:00+03:00
City - Āqdūz. Clouds - 95, date - 2020-04-24T06:00:00+03:00
City - Āqdūz. Clouds - 99, date - 2020-04-24T09:00:00+03:00
City - Āqdūz. Clouds - 99, date - 2020-04-24T12:00:00+03:00
City - Āqdūz. Clouds - 100, date - 2020-04-24T15:00:00+03:00
City - Āqdūz. Clouds - 100, date - 2020-04-24T18:00:00+03:00
City - Āqdūz. Clouds - 100, date - 2020-04-24T21:00:00+03:00
City - Āqdūz. Clouds - 100, date - 2020-04-25T00:00:00+03:00
City - Āqdūz. Clouds - 100, date - 2020-04-25T03:00:00+03:00
City - Āqdūz. Clouds - 100, date - 2020-04-25T06:00:00+03:00
City - Āqdūz. Clouds - 100, date - 2020-04-25T09:00:00+03:00
City - Āqdūz. Clouds - 97, date - 2020-04-25T12:00:00+03:00
City - Āqdūz. Clouds - 96, date - 2020-04-25T15:00:00+03:00
City - Āqdūz. Clouds - 97, date - 2020-04-25T18:00:00+03:00
City - Āqdūz. Clouds - 97, date - 2020-04-25T21:00:00+03:00
City - Āqdūz. Clouds - 98, date - 2020-04-26T00:00:00+03:00
City - Āqdūz. Clouds - 95, date - 2020-04-26T03:00:00+03:00
City - Āqdūz. Clouds - 97, date - 2020-04-26T06:00:00+03:00
City - Āqdūz. Clouds - 100, date - 2020-04-26T09:00:00+03:00
City - Āqdūz. Clouds - 93, date - 2020-04-26T12:00:00+03:00
City - Āqdūz. Clouds - 92, date - 2020-04-28T00:00:00+03:00
City - Āqdūz. Clouds - 98, date - 2020-04-28T03:00:00+03:00
City - Āqdūz. Clouds - 99, date - 2020-04-28T06:00:00+03:00
City - Āqdūz. Clouds - 100, date - 2020-04-28T09:00:00+03:00
City - Āqdūz. Clouds - 100, date - 2020-04-28T12:00:00+03:00
City - Āqdūz. Clouds - 98, date - 2020-04-28T15:00:00+03:00
City - Āqdūz. Clouds - 92, date - 2020-04-28T18:00:00+03:00
City - Āzādshahr. Clouds - 99, date - 2020-04-26T03:00:00+03:00
City - Āzādshahr. Clouds - 100, date - 2020-04-27T21:00:00+03:00
City - Āzādshahr. Clouds - 100, date - 2020-04-28T15:00:00+03:00
City - Āzādshahr. Clouds - 93, date - 2020-04-28T18:00:00+03:00
City - Gollar. Clouds - 104, date - 2020-04-23T21:00:00+03:00
City - Gollar. Clouds - 102, date - 2020-04-24T00:00:00+03:00
City - Gollar. Clouds - 98, date - 2020-04-24T21:00:00+03:00
City - Gollar. Clouds - 94, date - 2020-04-25T06:00:00+03:00
City - Gollar. Clouds - 91, date - 2020-04-27T18:00:00+03:00
City - Gollar. Clouds - 99, date - 2020-04-27T21:00:00+03:00
City - Gollar. Clouds - 93, date - 2020-04-28T00:00:00+03:00
City - Gollar. Clouds - 92, date - 2020-04-28T12:00:00+03:00
City - Dīgāleh. Clouds - 100, date - 2020-04-24T21:00:00+03:00
City - Dīgāleh. Clouds - 91, date - 2020-04-25T00:00:00+03:00
City - Dīgāleh. Clouds - 100, date - 2020-04-25T03:00:00+03:00
City - Dīgāleh. Clouds - 100, date - 2020-04-25T06:00:00+03:00
City - Dīgāleh. Clouds - 100, date - 2020-04-27T15:00:00+03:00
City - Dīgāleh. Clouds - 99, date - 2020-04-27T18:00:00+03:00
City - Dīgāleh. Clouds - 100, date - 2020-04-27T21:00:00+03:00
City - Dīgāleh. Clouds - 92, date - 2020-04-28T00:00:00+03:00
City - Dīgāleh. Clouds - 93, date - 2020-04-28T09:00:00+03:00
City - Qarālar-e Mīrzā Ḩoseynqolī. Clouds - 100, date - 2020-04-24T21:00:00+03:00
City - Qarālar-e Mīrzā Ḩoseynqolī. Clouds - 94, date - 2020-04-25T00:00:00+03:00
City - Qarālar-e Mīrzā Ḩoseynqolī. Clouds - 100, date - 2020-04-25T03:00:00+03:00
City - Qarālar-e Mīrzā Ḩoseynqolī. Clouds - 100, date - 2020-04-25T06:00:00+03:00
City - Qarālar-e Mīrzā Ḩoseynqolī. Clouds - 100, date - 2020-04-27T15:00:00+03:00
City - Qarālar-e Mīrzā Ḩoseynqolī. Clouds - 100, date - 2020-04-27T18:00:00+03:00
City - Qarālar-e Mīrzā Ḩoseynqolī. Clouds - 100, date - 2020-04-27T21:00:00+03:00
City - Qarālar-e Mīrzā Ḩoseynqolī. Clouds - 92, date - 2020-04-28T00:00:00+03:00
City - Protaras. Clouds - 93, date - 2020-04-24T06:00:00+03:00
City - Protaras. Clouds - 100, date - 2020-04-24T09:00:00+03:00
City - Protaras. Clouds - 100, date - 2020-04-24T12:00:00+03:00
City - Protaras. Clouds - 100, date - 2020-04-24T15:00:00+03:00
City - Protaras. Clouds - 98, date - 2020-04-24T18:00:00+03:00
City - Protaras. Clouds - 100, date - 2020-04-25T15:00:00+03:00
City - Protaras. Clouds - 96, date - 2020-04-26T21:00:00+03:00
City - Protaras. Clouds - 95, date - 2020-04-27T03:00:00+03:00
City - Kahrīz. Clouds - 97, date - 2020-04-24T21:00:00+03:00
City - Kahrīz. Clouds - 98, date - 2020-04-25T00:00:00+03:00
City - Kahrīz. Clouds - 97, date - 2020-04-25T09:00:00+03:00
City - Kahrīz. Clouds - 100, date - 2020-04-25T21:00:00+03:00
City - Kahrīz. Clouds - 100, date - 2020-04-26T00:00:00+03:00
City - Kahrīz. Clouds - 100, date - 2020-04-26T03:00:00+03:00
City - Kahrīz. Clouds - 100, date - 2020-04-26T06:00:00+03:00
City - Kahrīz. Clouds - 93, date - 2020-04-26T09:00:00+03:00
City - Kahrīz. Clouds - 93, date - 2020-04-26T12:00:00+03:00
City - Kahrīz. Clouds - 99, date - 2020-04-27T15:00:00+03:00
City - Kahrīz. Clouds - 98, date - 2020-04-27T18:00:00+03:00
City - Kahrīz. Clouds - 97, date - 2020-04-28T09:00:00+03:00
City - Kahrīz. Clouds - 99, date - 2020-04-28T12:00:00+03:00
City - Kahrīz. Clouds - 99, date - 2020-04-28T15:00:00+03:00
City - Kahrīz. Clouds - 95, date - 2020-04-28T18:00:00+03:00
City - Nūrābād. Clouds - 99, date - 2020-04-24T21:00:00+03:00
City - Nūrābād. Clouds - 99, date - 2020-04-25T00:00:00+03:00
City - Nūrābād. Clouds - 100, date - 2020-04-25T21:00:00+03:00
City - Nūrābād. Clouds - 100, date - 2020-04-26T00:00:00+03:00
City - Nūrābād. Clouds - 100, date - 2020-04-26T03:00:00+03:00
City - Nūrābād. Clouds - 100, date - 2020-04-26T06:00:00+03:00
City - Nūrābād. Clouds - 92, date - 2020-04-27T18:00:00+03:00
City - Nūrābād. Clouds - 100, date - 2020-04-28T15:00:00+03:00
City - Nūrābād. Clouds - 99, date - 2020-04-28T18:00:00+03:00
City - Rokan Sarā. Clouds - 100, date - 2020-04-23T21:00:00+03:00
City - Rokan Sarā. Clouds - 100, date - 2020-04-24T00:00:00+03:00
City - Rokan Sarā. Clouds - 100, date - 2020-04-24T03:00:00+03:00
City - Rokan Sarā. Clouds - 100, date - 2020-04-24T06:00:00+03:00
City - Rokan Sarā. Clouds - 100, date - 2020-04-24T09:00:00+03:00
City - Rokan Sarā. Clouds - 100, date - 2020-04-24T12:00:00+03:00
City - Rokan Sarā. Clouds - 100, date - 2020-04-24T15:00:00+03:00
City - Rokan Sarā. Clouds - 99, date - 2020-04-24T18:00:00+03:00
City - Rokan Sarā. Clouds - 100, date - 2020-04-24T21:00:00+03:00
City - Rokan Sarā. Clouds - 99, date - 2020-04-25T00:00:00+03:00
City - Rokan Sarā. Clouds - 98, date - 2020-04-25T03:00:00+03:00
City - Rokan Sarā. Clouds - 98, date - 2020-04-25T06:00:00+03:00
City - Rokan Sarā. Clouds - 100, date - 2020-04-25T15:00:00+03:00
City - Rokan Sarā. Clouds - 98, date - 2020-04-25T18:00:00+03:00
City - Rokan Sarā. Clouds - 98, date - 2020-04-26T03:00:00+03:00
City - Rokan Sarā. Clouds - 94, date - 2020-04-26T06:00:00+03:00
City - Rokan Sarā. Clouds - 92, date - 2020-04-26T18:00:00+03:00
City - Rokan Sarā. Clouds - 100, date - 2020-04-27T21:00:00+03:00
City - Rokan Sarā. Clouds - 100, date - 2020-04-28T00:00:00+03:00
City - Rokan Sarā. Clouds - 94, date - 2020-04-28T15:00:00+03:00
City - Rokan Sarā. Clouds - 91, date - 2020-04-28T18:00:00+03:00
City - Zīrjān. Clouds - 100, date - 2020-04-26T21:00:00+03:00
City - Zīrjān. Clouds - 100, date - 2020-04-27T00:00:00+03:00
City - Zīrjān. Clouds - 92, date - 2020-04-27T03:00:00+03:00
City - Zīrjān. Clouds - 93, date - 2020-04-27T06:00:00+03:00
City - Zīrjān. Clouds - 98, date - 2020-04-27T09:00:00+03:00
City - Al Ghaylah. Clouds - 94, date - 2020-04-24T21:00:00+03:00
City - Al Ghaylah. Clouds - 98, date - 2020-04-27T21:00:00+03:00
City - Al Ghaylah. Clouds - 98, date - 2020-04-28T00:00:00+03:00
City - Al Ghaylah. Clouds - 92, date - 2020-04-28T15:00:00+03:00
City - Judaydah. Clouds - 98, date - 2020-04-23T21:00:00+03:00
City - Judaydah. Clouds - 93, date - 2020-04-27T21:00:00+03:00
City - Judaydah. Clouds - 94, date - 2020-04-28T00:00:00+03:00
City - Judaydah. Clouds - 94, date - 2020-04-28T18:00:00+03:00
City - Najd al Jama`i. Clouds - 95, date - 2020-04-24T15:00:00+03:00
City - Najd al Jama`i. Clouds - 96, date - 2020-04-27T21:00:00+03:00
City - Zalmah al `Ulya. Clouds - 98, date - 2020-04-24T15:00:00+03:00
City - Zalmah al `Ulya. Clouds - 97, date - 2020-04-27T15:00:00+03:00
City - Zalmah al `Ulya. Clouds - 99, date - 2020-04-27T18:00:00+03:00
City - Zalmah al `Ulya. Clouds - 100, date - 2020-04-27T21:00:00+03:00
City - Zalmah al `Ulya. Clouds - 97, date - 2020-04-28T15:00:00+03:00
City - Zalmah al `Ulya. Clouds - 96, date - 2020-04-28T18:00:00+03:00
City - Suq ar Rubu`. Clouds - 100, date - 2020-04-27T15:00:00+03:00
City - Suq ar Rubu`. Clouds - 100, date - 2020-04-27T18:00:00+03:00
City - Suq ar Rubu`. Clouds - 100, date - 2020-04-27T21:00:00+03:00
City - Suq ar Rubu`. Clouds - 92, date - 2020-04-28T00:00:00+03:00
City - Suq ar Rubu`. Clouds - 100, date - 2020-04-28T15:00:00+03:00
City - Suq ar Rubu`. Clouds - 100, date - 2020-04-28T18:00:00+03:00
City - Mashraah. Clouds - 97, date - 2020-04-25T03:00:00+03:00
City - Mashraah. Clouds - 96, date - 2020-04-27T15:00:00+03:00
City - Ar Rawnah. Clouds - 91, date - 2020-04-24T15:00:00+03:00
City - Ar Rawnah. Clouds - 97, date - 2020-04-27T15:00:00+03:00
City - Ar Ramadi. Clouds - 98, date - 2020-04-24T15:00:00+03:00
City - Ar Ramadi. Clouds - 99, date - 2020-04-27T15:00:00+03:00
City - Ar Ramadi. Clouds - 98, date - 2020-04-27T18:00:00+03:00
