City - Ḩeşār-e Sefīd. Good conditions.
City - Ayn Halaqim. Good conditions.
City - Ariqah. Good conditions.
City - Behjatābād. Good conditions.
City - Ţālesh Maḩalleh. Good conditions.
City - Shahrīār Kandeh. Good conditions.
City - Bālā Aḩmad Kolā. Good conditions.
City - As Sawarah as Sughra. Good conditions.
City - Gollar. Good conditions.
City - Dīgāleh. Good conditions.
City - Qarālar-e Mīrzā Ḩoseynqolī. Good conditions.
City - Protaras. Good conditions.
City - Kahriz. Good conditions.
City - Qarchak. Good conditions.
City - Tabrīz Jānī. Good conditions.
City - Māmā’ī. Good conditions.
City - Reẕāābād. Good conditions.
City - Kūchaklī. Good conditions.
City - Koshtārgāh. Good conditions.
City - Jozf-e Soflá. Good conditions.
City - Republic of Rwanda. Good conditions.
City - Doon. Good conditions.
City - Yasuj. Good conditions.
City - ‘Abbāsābād-e Qūsheh. Good conditions.
City - Maidi. Good conditions.
